\BOOKMARK [1][-]{section.1}{\376\377\301\034\270\140}{}% 1
\BOOKMARK [2][-]{subsection.1.1}{\376\377\305\360\255\154\000\040\274\060\254\275}{section.1}% 2
\BOOKMARK [2][-]{subsection.1.2}{\376\377\273\070\310\034\000\040\310\025\307\130}{section.1}% 3
\BOOKMARK [2][-]{subsection.1.3}{\376\377\305\360\255\154\000\040\272\251\310\001}{section.1}% 4
\BOOKMARK [1][-]{section.2}{\376\377\255\000\270\050\000\040\305\360\255\154}{}% 5
\BOOKMARK [2][-]{subsection.2.1}{\376\377\305\124\326\070\326\124\000\040\254\200\300\311\000\040\274\017\000\040\302\034\301\034\000\040\274\364\310\164\000\040\305\124\326\070\000\040\000\050\000E\000n\000c\000r\000y\000p\000t\000e\000d\000\040\000S\000e\000a\000r\000c\000h\000\040\000\046\000\040\000O\000P\000E\000\051}{section.2}% 6
\BOOKMARK [2][-]{subsection.2.2}{\376\377\263\331\326\025\000\040\305\124\326\070\000\040\274\017\000\040\307\170\263\161\302\244\000\040\256\060\274\030\000\040\254\200\300\311\000\040\000\050\000H\000o\000m\000o\000m\000o\000r\000p\000h\000i\000c\000\040\000E\000n\000c\000r\000y\000p\000t\000i\000o\000n\000\040\000\046\000\040\000S\000e\000c\000u\000r\000e\000\040\000I\000n\000d\000e\000x\000i\000n\000g\000\051}{section.2}% 7
\BOOKMARK [2][-]{subsection.2.3}{\376\377\254\200\311\235\000\040\254\000\262\245\325\134\000\040\263\160\307\164\321\060\274\240\307\164\302\244\000\040\000\050\000V\000e\000r\000i\000f\000i\000a\000b\000l\000e\000\040\000D\000a\000t\000a\000b\000a\000s\000e\000s\000\051}{section.2}% 8
\BOOKMARK [2][-]{subsection.2.4}{\376\377\325\130\264\334\306\350\305\264\000\040\274\017\000\040\276\024\270\135\314\264\307\170\000\040\256\060\274\030\000\040\310\021\255\374\000\040\000\050\000H\000a\000r\000d\000w\000a\000r\000e\000\040\000\046\000\040\000B\000l\000o\000c\000k\000c\000h\000a\000i\000n\000-\000b\000a\000s\000e\000d\000\040\000A\000p\000p\000r\000o\000a\000c\000h\000e\000s\000\051}{section.2}% 9
\BOOKMARK [1][-]{section.3}{\376\377\274\060\254\275\000\040\256\060\302\040}{}% 10
\BOOKMARK [2][-]{subsection.3.1}{\376\377\000z\000k\000-\000S\000N\000A\000R\000K}{section.3}% 11
\BOOKMARK [2][-]{subsection.3.2}{\376\377\000G\000r\000o\000t\000h\0001\0006\000\040\000p\000r\000o\000t\000o\000c\000o\000l}{section.3}% 12
\BOOKMARK [2][-]{subsection.3.3}{\376\377\000M\000e\000r\000k\000l\000e\000\040\000P\000r\000o\000o\000f}{section.3}% 13
\BOOKMARK [2][-]{subsection.3.4}{\376\377\000z\000k\000-\000S\000N\000A\000R\000K\000\040\316\134\326\124\310\001\000\040\305\124\326\070\326\124\000\040\306\320\326\025\000\040\000\050\000z\000k\000-\000S\000N\000A\000R\000K\000\040\000F\000r\000i\000e\000n\000d\000l\000y\000\040\000C\000r\000y\000p\000t\000o\000g\000r\000a\000p\000h\000i\000c\000\040\000P\000r\000i\000m\000i\000t\000i\000v\000e\000s\000\051}{section.3}% 14
\BOOKMARK [3][-]{subsubsection.3.4.1}{\376\377\000E\000d\000D\000S\000A\000\040\000\050\000E\000d\000w\000a\000r\000d\000s\000-\000c\000u\000r\000v\000e\000\040\000D\000i\000g\000i\000t\000a\000l\000\040\000S\000i\000g\000n\000a\000t\000u\000r\000e\000\040\000A\000l\000g\000o\000r\000i\000t\000h\000m\000\051}{subsection.3.4}% 15
\BOOKMARK [3][-]{subsubsection.3.4.2}{\376\377\000M\000i\000M\000C\000\040\000\050\000M\000i\000n\000i\000m\000a\000l\000\040\000M\000u\000l\000t\000i\000p\000l\000i\000c\000a\000t\000i\000v\000e\000\040\000C\000o\000m\000p\000l\000e\000x\000i\000t\000y\000\051\000\040\000H\000a\000s\000h}{subsection.3.4}% 16
\BOOKMARK [3][-]{subsubsection.3.4.3}{\376\377\305\124\326\070\325\131\310\001\000\040\316\344\274\013\000\040\000\050\000C\000r\000y\000p\000t\000o\000g\000r\000a\000p\000h\000i\000c\000\040\000C\000o\000m\000m\000i\000t\000m\000e\000n\000t\000\051}{subsection.3.4}% 17
\BOOKMARK [1][-]{section.4}{\376\377\310\034\305\110\325\130\262\224\000\040\302\334\302\244\321\134}{}% 18
\BOOKMARK [2][-]{subsection.4.1}{\376\377\255\154\301\061\000\040\306\224\301\214}{section.4}% 19
\BOOKMARK [3][-]{subsubsection.4.1.1}{\376\377\274\034\256\011\256\060\255\000\000\040\000\050\000D\000a\000t\000a\000\040\000I\000s\000s\000u\000e\000r\000,\000\040\000D\000I\000\051}{subsection.4.1}% 20
\BOOKMARK [3][-]{subsubsection.4.1.2}{\376\377\263\160\307\164\321\060\000\040\301\214\307\040\307\220\000\040\000\050\000D\000a\000t\000a\000\040\000P\000r\000o\000v\000i\000d\000e\000r\000,\000\040\000D\000P\000\051}{subsection.4.1}% 21
\BOOKMARK [3][-]{subsubsection.4.1.3}{\376\377\263\160\307\164\321\060\000\040\302\030\306\224\307\220\000\040\000\050\000D\000a\000t\000a\000\040\000C\000o\000n\000s\000u\000m\000e\000r\000,\000\040\000D\000C\000\051}{subsection.4.1}% 22
\BOOKMARK [3][-]{subsubsection.4.1.4}{\376\377\254\200\300\311\000\040\301\034\274\204\000\040\000\050\000S\000e\000a\000r\000c\000h\000\040\000S\000e\000r\000v\000e\000r\000,\000\040\000S\000S\000\051}{subsection.4.1}% 23
\BOOKMARK [3][-]{subsubsection.4.1.5}{\376\377\263\160\307\164\321\060\274\240\307\164\302\244}{subsection.4.1}% 24
\BOOKMARK [2][-]{subsection.4.2}{\376\377\263\160\307\164\321\060\000\040\274\034\256\011\000\040\272\250\263\170}{section.4}% 25
\BOOKMARK [2][-]{subsection.4.3}{\376\377\263\160\307\164\321\060\000\040\254\200\300\311\000\040\272\250\263\170}{section.4}% 26
\BOOKMARK [2][-]{subsection.4.4}{\376\377\274\224\307\004\000\040\311\235\272\205\000\040\255\154\310\160}{section.4}% 27
\BOOKMARK [2][-]{subsection.4.5}{\376\377\262\344\311\021\000\040\317\374\271\254\307\130\000\040\314\230\271\254}{section.4}% 28
\BOOKMARK [2][-]{subsection.4.6}{\376\377\301\214\307\040\255\214\000\040\311\235\272\205\000\040\273\070\310\034}{section.4}% 29
\BOOKMARK [3][-]{subsubsection.4.6.1}{\376\377\301\214\307\040\255\214\000\040\311\235\272\205\000\040\325\004\270\134\301\070\302\244\000\040\315\134\310\001\326\124\000\040\000\050\000O\000n\000-\000t\000h\000e\000-\000f\000l\000y\000\040\000B\000a\000t\000c\000h\000\040\000P\000r\000o\000o\000f\000\051}{subsection.4.6}% 30
\BOOKMARK [2][-]{subsection.4.7}{\376\377\302\334\302\244\321\134\000\040\301\061\262\245\000\040\274\017\000\040\274\364\305\110\301\061\305\320\000\040\263\000\325\134\000\040\254\340\314\060}{section.4}% 31
\BOOKMARK [1][-]{section.5}{\376\377\302\344\325\330}{}% 32
\BOOKMARK [2][-]{subsection.5.1}{\376\377\302\344\325\330\000\040\301\044\254\304}{section.5}% 33
\BOOKMARK [3][-]{subsubsection.5.1.1}{\376\377\271\310\307\164\320\154\270\134\000\040\274\244\316\130\271\310\320\154}{subsection.5.1}% 34
\BOOKMARK [3][-]{subsubsection.5.1.2}{\376\377\301\044\254\304\000\040\274\051\302\335\000\040\276\104\255\120\000\040\302\344\325\330}{subsection.5.1}% 35
\BOOKMARK [3][-]{subsubsection.5.1.3}{\376\377\307\004\326\021\000\040\272\250\263\170\000\040\302\334\273\254\270\010\307\164\301\130\000\040\274\017\000\040\326\125\307\245\000\040\274\364\305\110\305\320\000\040\263\000\325\134\000\040\254\340\314\060}{subsection.5.1}% 36
\BOOKMARK [2][-]{subsection.5.2}{\376\377\302\344\325\330\000\040\326\130\254\275}{section.5}% 37
\BOOKMARK [2][-]{subsection.5.3}{\376\377\302\344\325\330\000\040\254\260\254\374}{section.5}% 38
\BOOKMARK [3][-]{subsubsection.5.3.1}{\376\377\271\310\307\164\320\154\270\134\000\040\274\244\316\130\271\310\320\154}{subsection.5.3}% 39
\BOOKMARK [3][-]{subsubsection.5.3.2}{\376\377\301\044\254\304\000\040\274\051\302\335\000\040\276\104\255\120\000\040\302\344\325\330}{subsection.5.3}% 40
\BOOKMARK [2][-]{subsection.5.4}{\376\377\307\004\326\021\000\040\272\250\263\170\000\040\302\334\273\254\270\010\307\164\301\130\000\040\274\017\000\040\326\125\307\245\000\040\274\364\305\110\305\320\000\040\263\000\325\134\000\040\254\340\314\060}{section.5}% 41
\BOOKMARK [3][-]{subsubsection.5.4.1}{\376\377\315\224\270\140\000\040\254\365\254\251\000\040\302\334\273\254\270\010\307\164\301\130\000\040\254\260\254\374}{subsection.5.4}% 42
\BOOKMARK [3][-]{subsubsection.5.4.2}{\376\377\307\004\326\021\000\040\306\104\326\124\000\040\310\004\267\265\000\040\274\017\000\040\322\270\270\010\307\164\264\334\306\044\325\004}{subsection.5.4}% 43
\BOOKMARK [1][-]{section.6}{\376\377\254\260\270\140}{}% 44
\BOOKMARK [2][-]{subsection.6.1}{\376\377\305\360\255\154\307\130\000\040\307\130\307\130}{section.6}% 45
\BOOKMARK [2][-]{subsection.6.2}{\376\377\305\360\255\154\307\130\000\040\325\134\254\304}{section.6}% 46
\BOOKMARK [2][-]{subsection.6.3}{\376\377\325\245\326\304\000\040\254\374\310\034}{section.6}% 47
